<?xml version="1.0" encoding="UTF-8"?>
<testsuite xmlns:xsi="http://www.w3.org/2001/XMLSchema-instance" xsi:noNamespaceSchemaLocation="https://maven.apache.org/surefire/maven-surefire-plugin/xsd/surefire-test-report.xsd" name="com.google.protobuf.GeneratedMessageTest" time="0.165" tests="73" errors="0" skipped="0" failures="0">
  <properties>
    <property name="gopherProxySet" value="false"/>
    <property name="awt.toolkit" value="sun.lwawt.macosx.LWCToolkit"/>
    <property name="file.encoding.pkg" value="sun.io"/>
    <property name="java.specification.version" value="1.8"/>
    <property name="sun.cpu.isalist" value=""/>
    <property name="sun.jnu.encoding" value="UTF-8"/>
    <property name="java.class.path" value="/Users/lspangler/Documents/Personal/Dev/ComposeVRExtension/src/protobuf-3.5.1/java/core/target/test-classes:/Users/lspangler/Documents/Personal/Dev/ComposeVRExtension/src/protobuf-3.5.1/java/core/target/classes:/Users/lspangler/.m2/repository/junit/junit/4.12/junit-4.12.jar:/Users/lspangler/.m2/repository/org/hamcrest/hamcrest-core/1.3/hamcrest-core-1.3.jar:/Users/lspangler/.m2/repository/org/easymock/easymock/2.2/easymock-2.2.jar:/Users/lspangler/.m2/repository/org/easymock/easymockclassextension/2.2.1/easymockclassextension-2.2.1.jar:/Users/lspangler/.m2/repository/cglib/cglib-nodep/2.1_3/cglib-nodep-2.1_3.jar:"/>
    <property name="java.vm.vendor" value="Oracle Corporation"/>
    <property name="sun.arch.data.model" value="64"/>
    <property name="java.vendor.url" value="http://java.oracle.com/"/>
    <property name="user.timezone" value=""/>
    <property name="java.vm.specification.version" value="1.8"/>
    <property name="os.name" value="Mac OS X"/>
    <property name="bitwig.extension.directory" value="/Users/lspangler/Documents/Bitwig Studio/Extensions"/>
    <property name="user.country" value="US"/>
    <property name="sun.java.launcher" value="SUN_STANDARD"/>
    <property name="sun.boot.library.path" value="/Library/Java/JavaVirtualMachines/jdk1.8.0_131.jdk/Contents/Home/jre/lib"/>
    <property name="sun.java.command" value="/Users/lspangler/Documents/Personal/Dev/ComposeVRExtension/src/protobuf-3.5.1/java/core/target/surefire/surefirebooter1931878233088578430.jar /Users/lspangler/Documents/Personal/Dev/ComposeVRExtension/src/protobuf-3.5.1/java/core/target/surefire 2018-02-07T00-45-53_157-jvmRun1 surefire3459520632954683905tmp surefire_0157610477874525186tmp"/>
    <property name="surefire.test.class.path" value="/Users/lspangler/Documents/Personal/Dev/ComposeVRExtension/src/protobuf-3.5.1/java/core/target/test-classes:/Users/lspangler/Documents/Personal/Dev/ComposeVRExtension/src/protobuf-3.5.1/java/core/target/classes:/Users/lspangler/.m2/repository/junit/junit/4.12/junit-4.12.jar:/Users/lspangler/.m2/repository/org/hamcrest/hamcrest-core/1.3/hamcrest-core-1.3.jar:/Users/lspangler/.m2/repository/org/easymock/easymock/2.2/easymock-2.2.jar:/Users/lspangler/.m2/repository/org/easymock/easymockclassextension/2.2.1/easymockclassextension-2.2.1.jar:/Users/lspangler/.m2/repository/cglib/cglib-nodep/2.1_3/cglib-nodep-2.1_3.jar:"/>
    <property name="sun.cpu.endian" value="little"/>
    <property name="user.home" value="/Users/lspangler"/>
    <property name="user.language" value="en"/>
    <property name="java.specification.vendor" value="Oracle Corporation"/>
    <property name="java.home" value="/Library/Java/JavaVirtualMachines/jdk1.8.0_131.jdk/Contents/Home/jre"/>
    <property name="basedir" value="/Users/lspangler/Documents/Personal/Dev/ComposeVRExtension/src/protobuf-3.5.1/java/core"/>
    <property name="file.separator" value="/"/>
    <property name="line.separator" value="&#10;"/>
    <property name="java.vm.specification.vendor" value="Oracle Corporation"/>
    <property name="java.specification.name" value="Java Platform API Specification"/>
    <property name="java.awt.graphicsenv" value="sun.awt.CGraphicsEnvironment"/>
    <property name="surefire.real.class.path" value="/Users/lspangler/Documents/Personal/Dev/ComposeVRExtension/src/protobuf-3.5.1/java/core/target/surefire/surefirebooter1931878233088578430.jar"/>
    <property name="sun.boot.class.path" value="/Library/Java/JavaVirtualMachines/jdk1.8.0_131.jdk/Contents/Home/jre/lib/resources.jar:/Library/Java/JavaVirtualMachines/jdk1.8.0_131.jdk/Contents/Home/jre/lib/rt.jar:/Library/Java/JavaVirtualMachines/jdk1.8.0_131.jdk/Contents/Home/jre/lib/sunrsasign.jar:/Library/Java/JavaVirtualMachines/jdk1.8.0_131.jdk/Contents/Home/jre/lib/jsse.jar:/Library/Java/JavaVirtualMachines/jdk1.8.0_131.jdk/Contents/Home/jre/lib/jce.jar:/Library/Java/JavaVirtualMachines/jdk1.8.0_131.jdk/Contents/Home/jre/lib/charsets.jar:/Library/Java/JavaVirtualMachines/jdk1.8.0_131.jdk/Contents/Home/jre/lib/jfr.jar:/Library/Java/JavaVirtualMachines/jdk1.8.0_131.jdk/Contents/Home/jre/classes"/>
    <property name="sun.management.compiler" value="HotSpot 64-Bit Tiered Compilers"/>
    <property name="java.runtime.version" value="1.8.0_131-b11"/>
    <property name="user.name" value="lspangler"/>
    <property name="path.separator" value=":"/>
    <property name="os.version" value="10.12.5"/>
    <property name="java.endorsed.dirs" value="/Library/Java/JavaVirtualMachines/jdk1.8.0_131.jdk/Contents/Home/jre/lib/endorsed"/>
    <property name="java.runtime.name" value="Java(TM) SE Runtime Environment"/>
    <property name="file.encoding" value="UTF-8"/>
    <property name="java.vm.name" value="Java HotSpot(TM) 64-Bit Server VM"/>
    <property name="localRepository" value="/Users/lspangler/.m2/repository"/>
    <property name="java.vendor.url.bug" value="http://bugreport.sun.com/bugreport/"/>
    <property name="java.io.tmpdir" value="/var/folders/f6/2g72h9cj3kd6tm_8l6c19tfw0000gn/T/"/>
    <property name="idea.version" value="2017.2.5"/>
    <property name="java.version" value="1.8.0_131"/>
    <property name="user.dir" value="/Users/lspangler/Documents/Personal/Dev/ComposeVRExtension/src/protobuf-3.5.1/java/core"/>
    <property name="os.arch" value="x86_64"/>
    <property name="java.vm.specification.name" value="Java Virtual Machine Specification"/>
    <property name="java.awt.printerjob" value="sun.lwawt.macosx.CPrinterJob"/>
    <property name="sun.os.patch.level" value="unknown"/>
    <property name="java.library.path" value="/Users/lspangler/Library/Java/Extensions:/Library/Java/Extensions:/Network/Library/Java/Extensions:/System/Library/Java/Extensions:/usr/lib/java:."/>
    <property name="java.vm.info" value="mixed mode"/>
    <property name="java.vendor" value="Oracle Corporation"/>
    <property name="java.vm.version" value="25.131-b11"/>
    <property name="java.ext.dirs" value="/Users/lspangler/Library/Java/Extensions:/Library/Java/JavaVirtualMachines/jdk1.8.0_131.jdk/Contents/Home/jre/lib/ext:/Library/Java/Extensions:/Network/Library/Java/Extensions:/System/Library/Java/Extensions:/usr/lib/java"/>
    <property name="sun.io.unicode.encoding" value="UnicodeBig"/>
    <property name="java.class.version" value="52.0"/>
  </properties>
  <testcase name="testRepeatedSetters" classname="com.google.protobuf.GeneratedMessageTest" time="0"/>
  <testcase name="testReflectionGetters" classname="com.google.protobuf.GeneratedMessageTest" time="0.002"/>
  <testcase name="testMessageOrBuilder" classname="com.google.protobuf.GeneratedMessageTest" time="0"/>
  <testcase name="testEnumValues" classname="com.google.protobuf.GeneratedMessageTest" time="0"/>
  <testcase name="testExtensionReflectionSettersRejectNull" classname="com.google.protobuf.GeneratedMessageTest" time="0"/>
  <testcase name="testEnumMap" classname="com.google.protobuf.GeneratedMessageTest" time="0.001"/>
  <testcase name="testDefaultInstance" classname="com.google.protobuf.GeneratedMessageTest" time="0"/>
  <testcase name="testMessageOrBuilderGetters" classname="com.google.protobuf.GeneratedMessageTest" time="0.001"/>
  <testcase name="testExtensionReflectionDefaults" classname="com.google.protobuf.GeneratedMessageTest" time="0.002"/>
  <testcase name="testInvalidations_Extensions" classname="com.google.protobuf.GeneratedMessageTest" time="0.002"/>
  <testcase name="testClearOneof" classname="com.google.protobuf.GeneratedMessageTest" time="0.008"/>
  <testcase name="testExtensionDefaults" classname="com.google.protobuf.GeneratedMessageTest" time="0.001"/>
  <testcase name="testParsedMessagesAreImmutable" classname="com.google.protobuf.GeneratedMessageTest" time="0.001"/>
  <testcase name="testOneofNestedBuilderOnChangePropagation" classname="com.google.protobuf.GeneratedMessageTest" time="0.015"/>
  <testcase name="testSerializePartial" classname="com.google.protobuf.GeneratedMessageTest" time="0.006"/>
  <testcase name="testClear" classname="com.google.protobuf.GeneratedMessageTest" time="0"/>
  <testcase name="testExtensionReflectionGetters" classname="com.google.protobuf.GeneratedMessageTest" time="0.001"/>
  <testcase name="testReflectionGetOneof" classname="com.google.protobuf.GeneratedMessageTest" time="0.002"/>
  <testcase name="testNestedExtensionInitialization" classname="com.google.protobuf.GeneratedMessageTest" time="0.009"/>
  <testcase name="testParseUnpackedToPacked" classname="com.google.protobuf.GeneratedMessageTest" time="0"/>
  <testcase name="testReflectionClearOneof" classname="com.google.protobuf.GeneratedMessageTest" time="0.001"/>
  <testcase name="testToBuilder" classname="com.google.protobuf.GeneratedMessageTest" time="0.002"/>
  <testcase name="testExtensionCopy" classname="com.google.protobuf.GeneratedMessageTest" time="0.002"/>
  <testcase name="testOneofSerialization" classname="com.google.protobuf.GeneratedMessageTest" time="0.004"/>
  <testcase name="testExtensionRepeatedSetters" classname="com.google.protobuf.GeneratedMessageTest" time="0.001"/>
  <testcase name="testNonNestedExtensionInitialization" classname="com.google.protobuf.GeneratedMessageTest" time="0"/>
  <testcase name="testConflictingOuterClassName" classname="com.google.protobuf.GeneratedMessageTest" time="0.012"/>
  <testcase name="testBaseMessageOrBuilder" classname="com.google.protobuf.GeneratedMessageTest" time="0"/>
  <testcase name="testEnumValueOptionsInMultipleFilesMode" classname="com.google.protobuf.GeneratedMessageTest" time="0.004"/>
  <testcase name="testSettingRepeatedForeignMessageUsingBuilder" classname="com.google.protobuf.GeneratedMessageTest" time="0"/>
  <testcase name="testGetFieldBuilderNotSupportedException" classname="com.google.protobuf.GeneratedMessageTest" time="0.001"/>
  <testcase name="testReflectionRepeatedSetters" classname="com.google.protobuf.GeneratedMessageTest" time="0.001"/>
  <testcase name="testUnsetRepeatedExtensionGetField" classname="com.google.protobuf.GeneratedMessageTest" time="0"/>
  <testcase name="testReflectionSetters" classname="com.google.protobuf.GeneratedMessageTest" time="0.001"/>
  <testcase name="testExtensionReflectionRepeatedSetters" classname="com.google.protobuf.GeneratedMessageTest" time="0.001"/>
  <testcase name="testSerialize" classname="com.google.protobuf.GeneratedMessageTest" time="0.005"/>
  <testcase name="testUninitializedExtensionInOptimizedForSize" classname="com.google.protobuf.GeneratedMessageTest" time="0.005"/>
  <testcase name="testExtensionMessageOrBuilder" classname="com.google.protobuf.GeneratedMessageTest" time="0.003"/>
  <testcase name="testFieldConstantValues" classname="com.google.protobuf.GeneratedMessageTest" time="0"/>
  <testcase name="testRepeatedAppendRejectsNull" classname="com.google.protobuf.GeneratedMessageTest" time="0"/>
  <testcase name="testExtensionReflectionRepeatedSettersRejectNull" classname="com.google.protobuf.GeneratedMessageTest" time="0"/>
  <testcase name="testReflectionSettersRejectNull" classname="com.google.protobuf.GeneratedMessageTest" time="0.001"/>
  <testcase name="testRepeatedAppendIterateOnlyOnce" classname="com.google.protobuf.GeneratedMessageTest" time="0.001"/>
  <testcase name="testOneofMerge" classname="com.google.protobuf.GeneratedMessageTest" time="0"/>
  <testcase name="testOneofTypes" classname="com.google.protobuf.GeneratedMessageTest" time="0"/>
  <testcase name="testSetOneofClearsOthers" classname="com.google.protobuf.GeneratedMessageTest" time="0.001"/>
  <testcase name="testGetFieldBuilderWithInitializedValue" classname="com.google.protobuf.GeneratedMessageTest" time="0"/>
  <testcase name="testRecursiveMessageDefaultInstance" classname="com.google.protobuf.GeneratedMessageTest" time="0"/>
  <testcase name="testRepeatedArraysAreImmutable" classname="com.google.protobuf.GeneratedMessageTest" time="0"/>
  <testcase name="testSettingForeignMessageUsingBuilder" classname="com.google.protobuf.GeneratedMessageTest" time="0.001"/>
  <testcase name="testGetRepeatedFieldBuilderNotSupportedException" classname="com.google.protobuf.GeneratedMessageTest" time="0"/>
  <testcase name="testReflectionRepeatedSettersRejectNull" classname="com.google.protobuf.GeneratedMessageTest" time="0.001"/>
  <testcase name="testRepeatedSettersRejectNull" classname="com.google.protobuf.GeneratedMessageTest" time="0"/>
  <testcase name="testExtensionReflectionSetters" classname="com.google.protobuf.GeneratedMessageTest" time="0.001"/>
  <testcase name="testParsePackedToUnpacked" classname="com.google.protobuf.GeneratedMessageTest" time="0.002"/>
  <testcase name="testClearExtension" classname="com.google.protobuf.GeneratedMessageTest" time="0.001"/>
  <testcase name="testOptionalFieldWithRequiredSubfieldsOptimizedForSize" classname="com.google.protobuf.GeneratedMessageTest" time="0.008"/>
  <testcase name="testUsingBuilderMultipleTimes" classname="com.google.protobuf.GeneratedMessageTest" time="0"/>
  <testcase name="testInvalidations" classname="com.google.protobuf.GeneratedMessageTest" time="0.001"/>
  <testcase name="testDefaults" classname="com.google.protobuf.GeneratedMessageTest" time="0"/>
  <testcase name="testProtosShareRepeatedArraysIfDidntChange" classname="com.google.protobuf.GeneratedMessageTest" time="0"/>
  <testcase name="testMultipleFilesOption" classname="com.google.protobuf.GeneratedMessageTest" time="0.012"/>
  <testcase name="testGetRepeatedFieldBuilderWithInitializedValue" classname="com.google.protobuf.GeneratedMessageTest" time="0"/>
  <testcase name="testExtensionMergeFrom" classname="com.google.protobuf.GeneratedMessageTest" time="0"/>
  <testcase name="testRepeatedAppend" classname="com.google.protobuf.GeneratedMessageTest" time="0"/>
  <testcase name="testGetRepeatedFieldBuilder" classname="com.google.protobuf.GeneratedMessageTest" time="0.001"/>
  <testcase name="testExtensionConstantValues" classname="com.google.protobuf.GeneratedMessageTest" time="0"/>
  <testcase name="testGetFieldBuilder" classname="com.google.protobuf.GeneratedMessageTest" time="0"/>
  <testcase name="testOneofEnumCase" classname="com.google.protobuf.GeneratedMessageTest" time="0"/>
  <testcase name="testReflectionDefaults" classname="com.google.protobuf.GeneratedMessageTest" time="0.001"/>
  <testcase name="testMergeFromOtherRejectsNull" classname="com.google.protobuf.GeneratedMessageTest" time="0"/>
  <testcase name="testSettersRejectNull" classname="com.google.protobuf.GeneratedMessageTest" time="0"/>
  <testcase name="testEnumInterface" classname="com.google.protobuf.GeneratedMessageTest" time="0"/>
</testsuite>